  % Total    % Received % Xferd  Average Speed   Time    Time     Time  Current
                                 Dload  Upload   Total   Spent    Left  Speed
  0     0    0     0    0     0      0      0 --:--:-- --:--:-- --:--:--     0*   Trying 52.15.236.222...
* TCP_NODELAY set
* Connected to ec2-52-15-236-222.us-east-2.compute.amazonaws.com (52.15.236.222) port 80 (#0)
> GET / HTTP/1.1
> Host: ec2-52-15-236-222.us-east-2.compute.amazonaws.com
> User-Agent: curl/7.64.1
> Accept: */*
> Cookie: login=eyJ1c2VybmFtZSI6ImF3ZGVvcmlvIn0.XkswTg.T17aAUs8zweLvRBGudpb784A5f8
> 
< HTTP/1.1 200 OK
< Server: nginx/1.10.3 (Ubuntu)
< Date: Tue, 18 Feb 2020 00:31:46 GMT
< Content-Type: text/html; charset=utf-8
< Content-Length: 685
< Connection: keep-alive
< Vary: Cookie
< 
{ [685 bytes data]
100   685  100   685    0     0  11416      0 --:--:-- --:--:-- --:--:-- 11416
* Connection #0 to host ec2-52-15-236-222.us-east-2.compute.amazonaws.com left intact
* Closing connection 0
